<?xml version="1.0" encoding="UTF-8"?>
<!-- Generated by org.testng.reporters.JUnitXMLReporter -->
<testsuite hostname="preyas-r" ignored="0" name="Default test" tests="1" failures="1" timestamp="2022-06-03T16:26:01 IST" time="21.467" errors="0">
  <testcase name="runScenario" time="16.618" classname="io.cucumber.testng.AbstractTestNGCucumberTests">
    <failure type="java.lang.NullPointerException">
      <![CDATA[java.lang.NullPointerException
at Utility.testbase.switchTo_multiWindow(testbase.java:286)
at StepDefinition.Login_Steps.user_login_via_gmail(Login_Steps.java:24)
at ✽.user login via gmail(file:///home/preyas.r@ah.zymrinc.com/Desktop/preyas/eclipse-workspace/Snapdeal/src/test/resources/Features/PlaceOrder.feature:28)
]]>
    </failure>
  </testcase> <!-- runScenario -->
</testsuite> <!-- Default test -->
