<?xml version="1.0" encoding="UTF-8"?>
<testng-results skipped="0" failed="0" ignored="0" total="1" passed="1">
  <reporter-output>
  </reporter-output>
  <suite name="Suite" duration-ms="423593" started-at="2022-06-16T13:21:28 IST" finished-at="2022-06-16T13:28:31 IST">
    <groups>
      <group name="cucumber">
        <method signature="AbstractTestNGCucumberTests.runScenario(io.cucumber.testng.PickleWrapper,io.cucumber.testng.FeatureWrapper)[pri:0, instance:Runners.Snapdeal_TestRunner@2f0a87b3]" name="runScenario" class="io.cucumber.testng.AbstractTestNGCucumberTests"/>
      </group> <!-- cucumber -->
    </groups>
    <test name="Test" duration-ms="423593" started-at="2022-06-16T13:21:28 IST" finished-at="2022-06-16T13:28:31 IST">
      <class name="Runners.Snapdeal_TestRunner">
        <test-method status="PASS" signature="setUpClass(org.testng.ITestContext)[pri:0, instance:Runners.Snapdeal_TestRunner@2f0a87b3]" name="setUpClass" is-config="true" duration-ms="669" started-at="2022-06-16T13:21:28 IST" finished-at="2022-06-16T13:21:28 IST">
          <params>
            <param index="0">
              <value>
                <![CDATA[org.testng.TestRunner@72d0196d]]>
              </value>
            </param>
          </params>
          <reporter-output>
          </reporter-output>
        </test-method> <!-- setUpClass -->
        <test-method status="PASS" signature="runScenario(io.cucumber.testng.PickleWrapper,io.cucumber.testng.FeatureWrapper)[pri:0, instance:Runners.Snapdeal_TestRunner@2f0a87b3]" name="runScenario" duration-ms="419502" started-at="2022-06-16T13:21:28 IST" description="Runs Cucumber Scenarios" data-provider="scenarios" finished-at="2022-06-16T13:28:28 IST">
          <params>
            <param index="0">
              <value>
                <![CDATA["Verification for Snapdeal ChangePassword funcationality"]]>
              </value>
            </param>
            <param index="1">
              <value>
                <![CDATA["Feature to Snapdeal HomePage functionality"]]>
              </value>
            </param>
          </params>
          <reporter-output>
          </reporter-output>
        </test-method> <!-- runScenario -->
        <test-method status="PASS" signature="tearDownClass()[pri:0, instance:Runners.Snapdeal_TestRunner@2f0a87b3]" name="tearDownClass" is-config="true" duration-ms="3388" started-at="2022-06-16T13:28:28 IST" finished-at="2022-06-16T13:28:31 IST">
          <reporter-output>
          </reporter-output>
        </test-method> <!-- tearDownClass -->
      </class> <!-- Runners.Snapdeal_TestRunner -->
    </test> <!-- Test -->
  </suite> <!-- Suite -->
</testng-results>
