<?xml version="1.0" encoding="UTF-8"?>
<testng-results ignored="0" total="1" passed="1" failed="0" skipped="0">
  <reporter-output>
  </reporter-output>
  <suite started-at="2022-06-29T22:24:41 IST" name="Default suite" finished-at="2022-06-29T22:26:29 IST" duration-ms="107896">
    <groups>
      <group name="cucumber">
        <method signature="AbstractTestNGCucumberTests.runScenario(io.cucumber.testng.PickleWrapper,io.cucumber.testng.FeatureWrapper)[pri:0, instance:Runners.Snapdeal_TestRunner@6f1de4c7]" name="runScenario" class="io.cucumber.testng.AbstractTestNGCucumberTests"/>
      </group> <!-- cucumber -->
    </groups>
    <test started-at="2022-06-29T22:24:41 IST" name="Default test" finished-at="2022-06-29T22:26:29 IST" duration-ms="107896">
      <class name="Runners.Snapdeal_TestRunner">
        <test-method is-config="true" signature="setUpClass(org.testng.ITestContext)[pri:0, instance:Runners.Snapdeal_TestRunner@6f1de4c7]" started-at="2022-06-29T22:24:41 IST" name="setUpClass" finished-at="2022-06-29T22:24:42 IST" duration-ms="1024" status="PASS">
          <params>
            <param index="0">
              <value>
                <![CDATA[org.testng.TestRunner@2f60e66a]]>
              </value>
            </param>
          </params>
          <reporter-output>
          </reporter-output>
        </test-method> <!-- setUpClass -->
        <test-method signature="runScenario(io.cucumber.testng.PickleWrapper,io.cucumber.testng.FeatureWrapper)[pri:0, instance:Runners.Snapdeal_TestRunner@6f1de4c7]" started-at="2022-06-29T22:24:42 IST" name="runScenario" description="Runs Cucumber Scenarios" data-provider="scenarios" finished-at="2022-06-29T22:26:25 IST" duration-ms="102440" status="PASS">
          <params>
            <param index="0">
              <value>
                <![CDATA["Verification for Snapdeal order funcationality"]]>
              </value>
            </param>
            <param index="1">
              <value>
                <![CDATA["Feature to Snapdeal HomePage functionality"]]>
              </value>
            </param>
          </params>
          <reporter-output>
          </reporter-output>
        </test-method> <!-- runScenario -->
        <test-method is-config="true" signature="tearDownClass()[pri:0, instance:Runners.Snapdeal_TestRunner@6f1de4c7]" started-at="2022-06-29T22:26:25 IST" name="tearDownClass" finished-at="2022-06-29T22:26:29 IST" duration-ms="4369" status="PASS">
          <reporter-output>
          </reporter-output>
        </test-method> <!-- tearDownClass -->
      </class> <!-- Runners.Snapdeal_TestRunner -->
    </test> <!-- Default test -->
  </suite> <!-- Default suite -->
</testng-results>
