<?xml version="1.0" encoding="UTF-8"?>
<testng-results skipped="0" failed="1" ignored="0" total="1" passed="0">
  <reporter-output>
  </reporter-output>
  <suite name="Default suite" duration-ms="21467" started-at="2022-06-03T16:25:40 IST" finished-at="2022-06-03T16:26:01 IST">
    <groups>
      <group name="cucumber">
        <method signature="AbstractTestNGCucumberTests.runScenario(io.cucumber.testng.PickleWrapper,io.cucumber.testng.FeatureWrapper)[pri:0, instance:Runners.Snapdeal_TestRunner@45afc369]" name="runScenario" class="io.cucumber.testng.AbstractTestNGCucumberTests"/>
      </group> <!-- cucumber -->
    </groups>
    <test name="Default test" duration-ms="21467" started-at="2022-06-03T16:25:40 IST" finished-at="2022-06-03T16:26:01 IST">
      <class name="Runners.Snapdeal_TestRunner">
        <test-method status="PASS" signature="setUpClass(org.testng.ITestContext)[pri:0, instance:Runners.Snapdeal_TestRunner@45afc369]" name="setUpClass" is-config="true" duration-ms="835" started-at="2022-06-03T16:25:40 IST" finished-at="2022-06-03T16:25:41 IST">
          <params>
            <param index="0">
              <value>
                <![CDATA[org.testng.TestRunner@788e3702]]>
              </value>
            </param>
          </params>
          <reporter-output>
          </reporter-output>
        </test-method> <!-- setUpClass -->
        <test-method status="FAIL" signature="runScenario(io.cucumber.testng.PickleWrapper,io.cucumber.testng.FeatureWrapper)[pri:0, instance:Runners.Snapdeal_TestRunner@45afc369]" name="runScenario" duration-ms="16618" started-at="2022-06-03T16:25:41 IST" description="Runs Cucumber Scenarios" data-provider="scenarios" finished-at="2022-06-03T16:25:57 IST">
          <params>
            <param index="0">
              <value>
                <![CDATA["Verification for Snapdeal order funcationality"]]>
              </value>
            </param>
            <param index="1">
              <value>
                <![CDATA["Feature to Snapdeal HomePage functionality"]]>
              </value>
            </param>
          </params>
          <exception class="java.lang.NullPointerException">
            <full-stacktrace>
              <![CDATA[java.lang.NullPointerException
at Utility.testbase.switchTo_multiWindow(testbase.java:286)
at StepDefinition.Login_Steps.user_login_via_gmail(Login_Steps.java:24)
at ✽.user login via gmail(file:///home/preyas.r@ah.zymrinc.com/Desktop/preyas/eclipse-workspace/Snapdeal/src/test/resources/Features/PlaceOrder.feature:28)
]]>
            </full-stacktrace>
          </exception> <!-- java.lang.NullPointerException -->
          <reporter-output>
          </reporter-output>
        </test-method> <!-- runScenario -->
        <test-method status="PASS" signature="tearDownClass()[pri:0, instance:Runners.Snapdeal_TestRunner@45afc369]" name="tearDownClass" is-config="true" duration-ms="3982" started-at="2022-06-03T16:25:57 IST" finished-at="2022-06-03T16:26:01 IST">
          <reporter-output>
          </reporter-output>
        </test-method> <!-- tearDownClass -->
      </class> <!-- Runners.Snapdeal_TestRunner -->
    </test> <!-- Default test -->
  </suite> <!-- Default suite -->
</testng-results>
