<?xml version="1.0" encoding="UTF-8"?>
<!-- Generated by org.testng.reporters.JUnitReportReporter -->
<testsuite skipped="0" hostname="preyas-r" name="Runners.Snapdeal_TestRunner" tests="1" failures="0" timestamp="2022-06-03T16:26:01 IST" time="16.618" errors="1">
  <testcase name="runScenario" time="16.618" classname="Runners.Snapdeal_TestRunner">
    <error type="java.lang.NullPointerException">
      <![CDATA[java.lang.NullPointerException
at Utility.testbase.switchTo_multiWindow(testbase.java:286)
at StepDefinition.Login_Steps.user_login_via_gmail(Login_Steps.java:24)
at ✽.user login via gmail(file:///home/preyas.r@ah.zymrinc.com/Desktop/preyas/eclipse-workspace/Snapdeal/src/test/resources/Features/PlaceOrder.feature:28)
]]>
    </error>
  </testcase> <!-- runScenario -->
  <system-out/>
</testsuite> <!-- Runners.Snapdeal_TestRunner -->
